accession P01136 has status code: 200
Original line: GN   Name=OPG019; Synonyms=VGF-1; OrderedLocusNames=VACWR009;
Original line: GN   and
Original line: GN   Name=VGF-2; OrderedLocusNames=VACWR210;
parsed names: OPG019, VGF-1, VGF-2

accession P04021 has status code: 200
Original line: GN   Name=OPG057; OrderedLocusNames=VACWR052; ORFNames=F13L;
parsed names: OPG057, F13L

accession P04298 has status code: 200
Original line: GN   Name=OPG113; OrderedLocusNames=VACWR106; ORFNames=D1R;
parsed names: OPG113, D1R

accession P04305 has status code: 200
Original line: GN   Name=OPG117; OrderedLocusNames=VACWR110; ORFNames=D5R;
parsed names: OPG117, D5R

accession P04312 has status code: 200
Original line: GN   Name=OPG122; OrderedLocusNames=VACWR115; ORFNames=D10R;
parsed names: OPG122, D10R

accession P05807 has status code: 200
Original line: GN   Name=OPG123; Synonyms=NPH1; OrderedLocusNames=VACWR116; ORFNames=D11L;
parsed names: OPG123, NPH1, D11L

accession P06856 has status code: 200
Original line: GN   Name=OPG071; Synonyms=POL; OrderedLocusNames=VACWR065; ORFNames=E9L;
parsed names: OPG071, POL, E9L

accession P07239 has status code: 200
Original line: GN   Name=OPG106; ORFNames=H1L;
parsed names: OPG106, H1L

accession P07242 has status code: 200
Original line: GN   Name=OPG110; OrderedLocusNames=VACWR103; ORFNames=H5R;
parsed names: OPG110, H5R

accession P07396 has status code: 200
Original line: GN   Name=OPG062; OrderedLocusNames=VACWR056; ORFNames=F17R;
parsed names: OPG062, F17R

accession P07611 has status code: 200
Original line: GN   Name=OPG094; OrderedLocusNames=VACWR087; ORFNames=G9R;
parsed names: OPG094, G9R

accession P07612 has status code: 200
Original line: GN   Name=OPG099; OrderedLocusNames=VACWR088; ORFNames=L1R;
parsed names: OPG099, L1R

accession P07617 has status code: 200
Original line: GN   Name=OPG102; Synonyms=PAPS; OrderedLocusNames=VACWR095; ORFNames=J3R;
parsed names: OPG102, PAPS, J3R

accession P12927 has status code: 200
Original line: GN   Name=OPG084; Synonyms=NPH2; OrderedLocusNames=VACWR077; ORFNames=I8R;
parsed names: OPG084, NPH2, I8R

accession P16710 has status code: 200
Original line: GN   Name=OPG143; OrderedLocusNames=VACWR136; ORFNames=A16L;
parsed names: OPG143, A16L

accession P16913 has status code: 200
Original line: GN   Name=OPG187; Synonyms=VPK1; OrderedLocusNames=VACWR183; ORFNames=B1R;
parsed names: OPG187, VPK1, B1R

accession P17362 has status code: 200
Original line: GN   Name=OPG029; Synonyms=B16L, C6L, D12L, D9L;
Original line: GN   and
Original line: GN   ORFNames=VACWR022;
parsed names: OPG029, B16L, C6L, D12L, D9L, VACWR022

accession P18378 has status code: 200
Original line: GN   OrderedLocusNames=VACWR034; ORFNames=K2L, K3L;
parsed names: K2L, K3L

accession P21603 has status code: 200
Original line: GN   Name=OPG066; Synonyms=RPO30; OrderedLocusNames=VACWR060; ORFNames=E4L;
parsed names: OPG066, RPO30, E4L

accession P21605 has status code: 200
Original line: GN   Name=OPG065; OrderedLocusNames=VACWR059;
Original line: GN   ORFNames=E3L {ECO:0000303|PubMed:2398897};
parsed names: OPG065, E3L {ECO:0000303|PubMed:2398897}

accession P24356 has status code: 200
Original line: GN   Name=OPG045; Synonyms=F1L; OrderedLocusNames=VACWR040;
parsed names: OPG045, F1L

accession P68440 has status code: 200
Original line: GN   Name=OPG125; OrderedLocusNames=VACWR118; ORFNames=D13L;
parsed names: OPG125, D13L

accession P68593 has status code: 200
Original line: GN   Name=OPG144; OrderedLocusNames=VACWR137; ORFNames=A17L;
parsed names: OPG144, A17L

accession P68619 has status code: 200
Original line: GN   Name=OPG164; OrderedLocusNames=VACWR159; ORFNames=A36R;
parsed names: OPG164, A36R

accession P68698 has status code: 200
Original line: GN   Name=OPG111; Synonyms=TOP1; OrderedLocusNames=VACWR104; ORFNames=H6R;
parsed names: OPG111, TOP1, H6R

accession Q01225 has status code: 200
Original line: GN   Name=OPG188; OrderedLocusNames=VACWR184; ORFNames=B2R;
parsed names: OPG188, B2R

accession Q01227 has status code: 200
Original line: GN   Name=OPG190; Synonyms=PS/HR; OrderedLocusNames=VACWR187; ORFNames=B5R;
parsed names: OPG190, PS/HR, B5R

accession Q76ZQ3 has status code: 200
Original line: GN   Name=OPG140; ORFNames=A14L;
parsed names: OPG140, A14L

accession P03295 has status code: 200
Original line: GN   Name=OPG098; OrderedLocusNames=VACWR091; ORFNames=L4R;
parsed names: OPG098, L4R

accession P04195 has status code: 200
Original line: GN   Name=OPG105; OrderedLocusNames=VACWR113; ORFNames=D8L;
parsed names: OPG105, D8L

accession P04308 has status code: 200
Original line: GN   Name=OPG118; Synonyms=VETFS; OrderedLocusNames=VACWR111; ORFNames=D6R;
parsed names: OPG118, VETFS, D6R

accession P04311 has status code: 200
Original line: GN   Name=OPG121; OrderedLocusNames=VACWR114; ORFNames=D9R;
parsed names: OPG121, D9R

accession P07240 has status code: 200
Original line: GN   Name=OPG108; OrderedLocusNames=VACWR101; ORFNames=H3L;
parsed names: OPG108, H3L

accession P08583 has status code: 200
Original line: GN   Name=OPG107; OrderedLocusNames=VACWR100; ORFNames=H2R;
parsed names: OPG107, H2R

accession P11158 has status code: 200
Original line: GN   Name=OPG048; OrderedLocusNames=VACWR043; ORFNames=F4L;
parsed names: OPG048, F4L

accession P12848 has status code: 200
Original line: GN   Name=OPG080; OrderedLocusNames=VACWR073; ORFNames=I4L;
parsed names: OPG080, I4L

accession P12926 has status code: 200
Original line: GN   Name=OPG083; OrderedLocusNames=VACWR076; ORFNames=I7L;
parsed names: OPG083, I7L

accession P16272 has status code: 200
Original line: GN   Name=OPG180; Synonyms=LIG; OrderedLocusNames=VACWR176; ORFNames=A50R;
parsed names: OPG180, LIG, A50R

accession P16713 has status code: 200
Original line: GN   Name=OPG085; OrderedLocusNames=VACWR078; ORFNames=G1L;
parsed names: OPG085, G1L

accession P16715 has status code: 200
Original line: GN   Name=OPG136; OrderedLocusNames=VACWR129; ORFNames=A10L;
parsed names: OPG136, A10L

accession P17374 has status code: 200
Original line: GN   Name=OPG046; Synonyms=DUT, F2L; OrderedLocusNames=VACWR041;
parsed names: OPG046, DUT, F2L

accession P21604 has status code: 200
Original line: GN   Name=OPG064; OrderedLocusNames=VACWR058; ORFNames=E2L;
parsed names: OPG064, E2L

accession P23371 has status code: 200
Original line: GN   Name=OPG063; Synonyms=PAPL; OrderedLocusNames=VACWR057; ORFNames=E1L;
parsed names: OPG063, PAPL, E1L

accession P23373 has status code: 200
Original line: GN   Name=OPG072; OrderedLocusNames=VACWR066; ORFNames=E10R;
parsed names: OPG072, E10R

accession P24362 has status code: 200
Original line: GN   Name=OPG198; OrderedLocusNames=VACWR194; ORFNames=B12R;
parsed names: OPG198, B12R

accession P24758 has status code: 200
Original line: GN   Name=OPG153; OrderedLocusNames=VACWR149; ORFNames=A26L;
parsed names: OPG153, A26L

accession P24770 has status code: 200
Original line: GN   Name=OPG193; OrderedLocusNames=VACWR190; ORFNames=B8R;
parsed names: OPG193, B8R

accession P24772 has status code: 200
Original line: GN   Name=OPG200; OrderedLocusNames=VACWR196; ORFNames=B14R;
parsed names: OPG200, B14R

accession P25213 has status code: 200
Original line: GN   Name=OPG204; OrderedLocusNames=VACWR200; ORFNames=B18R;
parsed names: OPG204, B18R

accession P68319 has status code: 200
Original line: GN   Name=OPG127; Synonyms=VLTF3; OrderedLocusNames=VACWR120; ORFNames=A2L;
parsed names: OPG127, VLTF3, A2L

accession P68438 has status code: 200
Original line: GN   Name=OPG109; Synonyms=RAP94; OrderedLocusNames=VACWR102; ORFNames=H4L;
parsed names: OPG109, RAP94, H4L

accession P68613 has status code: 200
Original line: GN   Name=OPG093; Synonyms=VLTF1; OrderedLocusNames=VACWR086; ORFNames=G8R;
parsed names: OPG093, VLTF1, G8R

accession P68617 has status code: 200
Original line: GN   Name=OPG161; OrderedLocusNames=VACWR156; ORFNames=A33R;
parsed names: OPG161, A33R

accession P68623 has status code: 200
Original line: GN   Name=OPG099; OrderedLocusNames=VACWR092; ORFNames=L5R;
parsed names: OPG099, L5R

accession P68638 has status code: 200
Original line: GN   OrderedLocusNames=VACWR025; ORFNames=C3L;
parsed names: C3L

accession P68714 has status code: 200
Original line: GN   Name=OPG146; OrderedLocusNames=VACWR139; ORFNames=A19L;
parsed names: OPG146, A19L

accession Q01218 has status code: 200
Original line: GN   Name=OPG185; Synonyms=HA; OrderedLocusNames=VACWR181; ORFNames=A56R;
parsed names: OPG185, HA, A56R

accession Q76ZQ4 has status code: 200
Original line: GN   Name=OPG139; OrderedLocusNames=A13L;
parsed names: OPG139

accession Q80HT9 has status code: 200
Original line: GN   Name=OPG178; Synonyms=TMK; OrderedLocusNames=VACWR174; ORFNames=A48R;
parsed names: OPG178, TMK, A48R

accession Q80HY2 has status code: 200
Original line: GN   Name=OPG038; Synonyms=M2L; OrderedLocusNames=VACWR031;
parsed names: OPG038, M2L

accession Q89121 has status code: 200
Original line: GN   Name=OPG054; OrderedLocusNames=VACWR049; ORFNames=F10L, VPK2;
parsed names: OPG054, F10L, VPK2

accession P04297 has status code: 200
Original line: GN   Name=OPG039; Synonyms=K1L; ORFNames=VACWR032;
parsed names: OPG039, K1L, VACWR032

accession P04303 has status code: 200
Original line: GN   Name=OPG116; Synonyms=UNG; OrderedLocusNames=VACWR109; ORFNames=D4R;
parsed names: OPG116, UNG, D4R

accession P04310 has status code: 200
Original line: GN   Name=OPG119; Synonyms=RPO18; OrderedLocusNames=VACWR112; ORFNames=D7R;
parsed names: OPG119, RPO18, D7R

accession P04318 has status code: 200
Original line: GN   Name=OPG124; OrderedLocusNames=VACWR117; ORFNames=D12L;
parsed names: OPG124, D12L

accession P06440 has status code: 200
Original line: GN   Name=OPG129; OrderedLocusNames=VACWR122; ORFNames=A3L;
parsed names: OPG129, A3L

accession P07608 has status code: 200
Original line: GN   Name=OPG128; OrderedLocusNames=VACWR121; ORFNames=A2.5L;
parsed names: OPG128, A2.5L

accession P07610 has status code: 200
Original line: GN   Name=OPG126; Synonyms=VLTF2; OrderedLocusNames=VACWR119; ORFNames=A1L;
parsed names: OPG126, VLTF2, A1L

accession P07613 has status code: 200
Original line: GN   Name=OPG096; OrderedLocusNames=VACWR089; ORFNames=L2R;
parsed names: OPG096, L2R

accession P07614 has status code: 200
Original line: GN   Name=OPG097; OrderedLocusNames=VACWR090; ORFNames=F4;
parsed names: OPG097, F4

accession P07616 has status code: 200
Original line: GN   Name=OPG100; OrderedLocusNames=VACWR093; ORFNames=J1R;
parsed names: OPG100, J1R

accession P07618 has status code: 200
Original line: GN   Name=OPG104; OrderedLocusNames=VACWR097; ORFNames=J5L;
parsed names: OPG104, J5L

accession P08586 has status code: 200
Original line: GN   Name=OPG112; OrderedLocusNames=VACWR105; ORFNames=H7R;
parsed names: OPG112, H7R

accession P0CK21 has status code: 200
Original line: GN   Name=OPG076; OrderedLocusNames=VACWR069.5; ORFNames=O3L;
parsed names: OPG076, O3L

accession P0DTM8 has status code: 200
Original line: GN   Name=OPG059; Synonyms=F14.5L, WR53.5L;
parsed names: OPG059, F14.5L, WR53.5L

accession P11258 has status code: 200
Original line: GN   Name=OPG154; OrderedLocusNames=VACWR150; ORFNames=A27L;
parsed names: OPG154, A27L

accession P12923 has status code: 200
Original line: GN   Name=OPG079; OrderedLocusNames=VACWR072; ORFNames=I3L;
parsed names: OPG079, I3L

accession P12924 has status code: 200
Original line: GN   Name=OPG081; OrderedLocusNames=VACWR074; ORFNames=I5L;
parsed names: OPG081, I5L

accession P14356 has status code: 200
Original line: GN   Name=OPG037; Synonyms=M1L; ORFNames=VACWR030;
parsed names: OPG037, M1L, VACWR030

accession P14357 has status code: 200
Original line: GN   Name=OPG036; Synonyms=N2L; ORFNames=VACWR029;
parsed names: OPG036, N2L, VACWR029

accession P16712 has status code: 200
Original line: GN   Name=OPG145; OrderedLocusNames=VACWR138; ORFNames=A18R;
parsed names: OPG145, A18R

accession P17357 has status code: 200
Original line: GN   Name=OPG022; ORFNames=VACWR013;
parsed names: OPG022, VACWR013

accession P17361 has status code: 200
Original line: GN   Name=OPG035; Synonyms=N1L; ORFNames=VACWR028;
parsed names: OPG035, N1L, VACWR028

accession P17370 has status code: 200
Original line: GN   Name=OPG031; Synonyms=C4L; ORFNames=VACWR024;
parsed names: OPG031, C4L, VACWR024

accession P17372 has status code: 200
Original line: GN   Name=OPG035; Synonyms=C9L; ORFNames=VACWR019;
parsed names: OPG035, C9L, VACWR019

accession P18384 has status code: 200
Original line: GN   Name=OPG040; Synonyms=K2L, SPI-3; ORFNames=VACWR033;
parsed names: OPG040, K2L, SPI-3, VACWR033

accession P20636 has status code: 200
Original line: GN   Name=OPG133; Synonyms=VETFL; OrderedLocusNames=VACWR126; ORFNames=A7L;
parsed names: OPG133, VETFL, A7L

accession P21606 has status code: 200
Original line: GN   Name=OPG067; OrderedLocusNames=VACWR061; ORFNames=E5R;
parsed names: OPG067, E5R

accession P21607 has status code: 200
Original line: GN   Name=OPG068; OrderedLocusNames=VACWR062; ORFNames=E6R;
parsed names: OPG068, E6R

accession P23372 has status code: 200
Original line: GN   Name=OPG070; OrderedLocusNames=VACWR064; ORFNames=E8R;
parsed names: OPG070, E8R

accession P24358 has status code: 200
Original line: GN   Name=OPG049; OrderedLocusNames=VACWR044; ORFNames=F5L;
parsed names: OPG049, F5L

accession P24361 has status code: 200
Original line: GN   Name=OPG053; OrderedLocusNames=VACWR048; ORFNames=F9L;
parsed names: OPG053, F9L

accession P24757 has status code: 200
Original line: GN   Name=OPG156; Synonyms=RPO35; OrderedLocusNames=VACWR152;
Original line: GN   ORFNames=A29L;
parsed names: OPG156, RPO35, A29L

accession P24759 has status code: 200
Original line: GN   OrderedLocusNames=VACWR148; ORFNames=A25;
parsed names: A25

accession P24761 has status code: 200
Original line: GN   Name=OPG162; OrderedLocusNames=VACWR157; ORFNames=A34R, SALL4R;
parsed names: OPG162, A34R, SALL4R

accession P24766 has status code: 200
Original line: GN   Name=OPG170; OrderedLocusNames=VACWR166; ORFNames=A41L;
parsed names: OPG170, A41L

accession P24768 has status code: 200
Original line: GN   Name=KBTB1; OrderedLocusNames=VACWR180; ORFNames=A55R;
parsed names: KBTB1, A55R

accession P25212 has status code: 200
Original line: GN   Name=OPG201; OrderedLocusNames=VACWR197; ORFNames=B15R;
parsed names: OPG201, B15R

accession P26670 has status code: 200
Original line: GN   Name=OPG174; OrderedLocusNames=VACWR170; ORFNames=SALF7L;
parsed names: OPG174, SALF7L

accession P26671 has status code: 200
Original line: GN   Name=OPG172; OrderedLocusNames=VACWR168; ORFNames=A43R;
parsed names: OPG172, A43R

accession P26672 has status code: 200
Original line: GN   Name=OPG176; OrderedLocusNames=VACWR172; ORFNames=A46R;
parsed names: OPG176, A46R

accession P29191 has status code: 200
Original line: GN   Name=OPG130; OrderedLocusNames=VACWR123; ORFNames=A4L;
parsed names: OPG130, A4L

accession P31037 has status code: 200
Original line: GN   OrderedLocusNames=VACWR175; ORFNames=A49R;
parsed names: A49R

accession P68317 has status code: 200
Original line: GN   Name=OPG090; Synonyms=RPO7; OrderedLocusNames=VACWR083;
Original line: GN   ORFNames=G5.5R;
parsed names: OPG090, RPO7, G5.5R

accession P68446 has status code: 200
Original line: GN   Name=OPG069; OrderedLocusNames=VACWR063; ORFNames=E7R;
parsed names: OPG069, E7R

accession P68456 has status code: 200
Original line: GN   Name=OPG087; OrderedLocusNames=VACWR080; ORFNames=G2R;
parsed names: OPG087, G2R

accession P68458 has status code: 200
Original line: GN   Name=OPG086; OrderedLocusNames=VACWR079; ORFNames=G3L;
parsed names: OPG086, G3L

accession P68460 has status code: 200
Original line: GN   Name=OPG088; OrderedLocusNames=VACWR081; ORFNames=G4L;
parsed names: OPG088, G4L

accession P68462 has status code: 200
Original line: GN   Name=OPG082; OrderedLocusNames=VACWR075; ORFNames=I6L;
parsed names: OPG082, I6L

accession P68466 has status code: 200
Original line: GN   Name=OPG044; OrderedLocusNames=VACWR039; ORFNames=K7R;
parsed names: OPG044, K7R

accession P68563 has status code: 200
Original line: GN   Name=OPG101; Synonyms=TK; OrderedLocusNames=VACWR094; ORFNames=J2R;
parsed names: OPG101, TK, J2R

accession P68609 has status code: 200
Original line: GN   Name=OPG103; Synonyms=RPO22; OrderedLocusNames=VACWR096; ORFNames=J4R;
parsed names: OPG103, RPO22, J4R

accession P68611 has status code: 200
Original line: GN   Name=OPG131; Synonyms=RPO19; OrderedLocusNames=VACWR124; ORFNames=A5R;
parsed names: OPG131, RPO19, A5R

accession P68633 has status code: 200
Original line: GN   Name=OPG155; OrderedLocusNames=VACWR151; ORFNames=A28L;
parsed names: OPG155, A28L

accession P68712 has status code: 200
Original line: GN   Name=OPG147; OrderedLocusNames=VACWR140; ORFNames=A21L;
parsed names: OPG147, A21L

accession P68716 has status code: 200
Original line: GN   OrderedLocusNames=VACWR085; ORFNames=G7L;
parsed names: G7L

accession P68718 has status code: 200
Original line: GN   Name=OPG142; OrderedLocusNames=VACWR135;
parsed names: OPG142

accession P68720 has status code: 200
Original line: GN   Name=OPG134; Synonyms=VITF3S; OrderedLocusNames=VACWR127;
Original line: GN   ORFNames=A8R;
parsed names: OPG134, VITF3S, A8R

accession Q01220 has status code: 200
Original line: GN   OrderedLocusNames=VACWR178; ORFNames=A52R;
parsed names: A52R

accession Q76ZP7 has status code: 200
Original line: GN   Name=OPG151; Synonyms=RPO132; OrderedLocusNames=VACWR144;
Original line: GN   ORFNames=A24R;
parsed names: OPG151, RPO132, A24R

accession Q80HU0 has status code: 200
Original line: GN   Name=OPG173; OrderedLocusNames=VACWR169;
parsed names: OPG173

accession Q80HV2 has status code: 200
Original line: GN   Name=OPG150; Synonyms=VITF3L; OrderedLocusNames=VACWR143;
Original line: GN   ORFNames=A23R;
parsed names: OPG150, VITF3L, A23R

accession Q80HV3 has status code: 200
Original line: GN   Name=OPG149; OrderedLocusNames=VACWR142; ORFNames=A22R;
parsed names: OPG149, A22R

accession Q80HV6 has status code: 200
Original line: GN   Name=OPG141; OrderedLocusNames=VACWR134; ORFNames=A 14.5L;
parsed names: OPG141, A 14.5L

accession Q80HV7 has status code: 200
Original line: GN   Name=OPG138; OrderedLocusNames=VACWR131; ORFNames=A12L;
parsed names: OPG138, A12L

accession Q80HV8 has status code: 200
Original line: GN   Name=OPG137; OrderedLocusNames=VACWR130; ORFNames=A11R;
parsed names: OPG137, A11R

accession Q80HX0 has status code: 200
Original line: GN   Name=OPG089; OrderedLocusNames=VACWR082; ORFNames=G5R;
parsed names: OPG089, G5R

accession Q80HX6 has status code: 200
Original line: GN   Name=OPG056; OrderedLocusNames=VACWR051; ORFNames=F12L;
parsed names: OPG056, F12L

accession Q85320 has status code: 200
Original line: GN   Name=OPG135; OrderedLocusNames=VACWR128; ORFNames=A9L;
parsed names: OPG135, A9L

accession P04300 has status code: 200
Original line: GN   Name=OPG114; OrderedLocusNames=VACWR107; ORFNames=D2L;
parsed names: OPG114, D2L

accession P04302 has status code: 200
Original line: GN   Name=OPG115; OrderedLocusNames=VACWR108; ORFNames=D3R;
parsed names: OPG115, D3R

accession P07392 has status code: 200
Original line: GN   Name=OPG105; Synonyms=RPO147; OrderedLocusNames=VACWR098;
Original line: GN   ORFNames=J6R;
parsed names: OPG105, RPO147, J6R

accession P15058 has status code: 200
Original line: GN   Name=OPG205; Synonyms=SPI-1; OrderedLocusNames=VACWR205;
Original line: GN   ORFNames=B22R, B24R, C12L;
parsed names: OPG205, SPI-1, B22R, B24R, C12L

accession P15059 has status code: 200
Original line: GN   Name=OPG199; Synonyms=SPI-2; OrderedLocusNames=VACWR195;
Original line: GN   ORFNames=B13R;
parsed names: OPG199, SPI-2, B13R

accession P16714 has status code: 200
Original line: GN   Name=OPG077; OrderedLocusNames=VACWR070; ORFNames=I1L;
parsed names: OPG077, I1L

accession P17367 has status code: 200
Original line: GN   Name=OPG30; Synonyms=C5L;
Original line: GN   and
Original line: GN   ORFNames=VACWR023;
parsed names: OPG30, C5L, VACWR023

accession P18377 has status code: 200
Original line: GN   Name=OPG042; OrderedLocusNames=VACWR035; ORFNames=K3;
parsed names: OPG042, K3

accession P24357 has status code: 200
Original line: GN   Name=OPG047; OrderedLocusNames=VACWR042; ORFNames=F3L;
parsed names: OPG047, F3L

accession P24360 has status code: 200
Original line: GN   Name=OPG052; OrderedLocusNames=VACWR047; ORFNames=F8L;
parsed names: OPG052, F8L

accession P24763 has status code: 200
Original line: GN   Name=OPG166; OrderedLocusNames=VACWR162; ORFNames=A38L;
parsed names: OPG166, A38L

accession P24765 has status code: 200
Original line: GN   OrderedLocusNames=VACWR165; ORFNames=A40R;
parsed names: A40R

accession P24769 has status code: 200
Original line: GN   Name=OPG189; OrderedLocusNames=VACWR186; ORFNames=B4R;
parsed names: OPG189, B4R

accession P26669 has status code: 200
Original line: GN   Name=OPG175; OrderedLocusNames=VACWR171; ORFNames=SALF8R;
parsed names: OPG175, SALF8R

accession P29192 has status code: 200
Original line: GN   Name=OPG132; OrderedLocusNames=VACWR125; ORFNames=A6L;
parsed names: OPG132, A6L

accession P68444 has status code: 200
Original line: GN   Name=OPG192; OrderedLocusNames=VACWR189; ORFNames=B7R;
parsed names: OPG192, B7R

accession P68448 has status code: 200
Original line: GN   Name=OPG073; OrderedLocusNames=VACWR067; ORFNames=E11L;
parsed names: OPG073, E11L

accession P68596 has status code: 200
Original line: GN   Name=OPG157; OrderedLocusNames=VACWR153; ORFNames=A30L;
parsed names: OPG157, A30L

accession P68600 has status code: 200
Original line: GN   Name=OPG027; Synonyms=C7L; ORFNames=VACWR021;
parsed names: OPG027, C7L, VACWR021

accession P68606 has status code: 200
Original line: GN   Name=OPG078; OrderedLocusNames=VACWR071; ORFNames=I2L;
parsed names: OPG078, I2L

accession P68615 has status code: 200
Original line: GN   Name=OPG160; OrderedLocusNames=VACWR155; ORFNames=A32L;
parsed names: OPG160, A32L

accession P68692 has status code: 200
Original line: GN   Name=OPG075; OrderedLocusNames=VACWR069; ORFNames=O2L;
parsed names: OPG075, O2L

accession P68707 has status code: 200
Original line: GN   Name=OPG058; OrderedLocusNames=VACWR053; ORFNames=F14L;
parsed names: OPG058, F14L

accession P68710 has status code: 200
Original line: GN   Name=OPG148; OrderedLocusNames=VACWR141; ORFNames=A20R;
parsed names: OPG148, A20R

accession Q01232 has status code: 200
Original line: GN   Name=OPG163; OrderedLocusNames=VACWR158; ORFNames=A35R;
parsed names: OPG163, A35R

accession Q76ZJ3 has status code: 200
Original line: GN   Name=OPG002; Synonyms=C22L; OrderedLocusNames=VACWR004;
Original line: GN   and
Original line: GN   Name=B28R; OrderedLocusNames=VACWR215;
parsed names: OPG002, C22L, B28R

accession Q76ZN5 has status code: 200
Original line: GN   Name=OPG171; OrderedLocusNames=VACWR167; ORFNames=A42R;
parsed names: OPG171, A42R

accession Q805H7 has status code: 200
Original line: GN   Name=OPG001; Synonyms=B29R, C23L;
Original line: GN   OrderedLocusNames=VACWR001, VACWR218;
parsed names: OPG001, B29R, C23L

accession Q80HW9 has status code: 200
Original line: GN   Name=OPG091; OrderedLocusNames=VACWR084; ORFNames=G6R;
parsed names: OPG091, G6R

accession Q80HX1 has status code: 200
Original line: GN   Name=OPG074; OrderedLocusNames=VACWR068; ORFNames=O1L;
parsed names: OPG074, O1L

accession Q80HX3 has status code: 200
Original line: GN   Name=OPG061; OrderedLocusNames=VACWR055; ORFNames=F16L;
parsed names: OPG061, F16L

accession Q80HX7 has status code: 200
Original line: GN   Name=OPG055; OrderedLocusNames=VACWR050; ORFNames=F11L;
parsed names: OPG055, F11L

accession P03296 has status code: 200
Original line: GN   OrderedLocusNames=VACWR010; ORFNames=C10L;
Original line: GN   and
Original line: GN   OrderedLocusNames=VACWR209;
parsed names: C10L

accession P0CK19 has status code: 200
Original line: GN   OrderedLocusNames=VACWR153.5; ORFNames=A30.5L;
parsed names: A30.5L

accession P0CK24 has status code: 200
Original line: GN   Name=HA; OrderedLocusNames=VACWR181.5;
parsed names: HA

accession P0CK26 has status code: 200
Original line: GN   OrderedLocusNames=VACWR204.5;
parsed names: 

accession P17356 has status code: 200
Original line: GN   Name=OPG024; OrderedLocusNames=VACWR018;
parsed names: OPG024

accession P17358 has status code: 200
Original line: GN   OrderedLocusNames=VACWR016;
parsed names: 

accession P17359 has status code: 200
Original line: GN   OrderedLocusNames=VACWR017;
parsed names: 

accession P17360 has status code: 200
Original line: GN   OrderedLocusNames=VACWR015;
parsed names: 

accession P17364 has status code: 200
Original line: GN   OrderedLocusNames=VACWR020; ORFNames=C8L;
parsed names: C8L

accession P17365 has status code: 200
Original line: GN   Name=OPG209; OrderedLocusNames=VACWR206; ORFNames=C13L;
parsed names: OPG209, C13L

accession P17366 has status code: 200
Original line: GN   Name=p28; OrderedLocusNames=VACWR208;
Original line: GN   and
Original line: GN   OrderedLocusNames=VACWR011;
parsed names: p28

accession P17368 has status code: 200
Original line: GN   Name=OPG034; Synonyms=C1L; ORFNames=VACWR027;
parsed names: OPG034, C1L, VACWR027

accession P17369 has status code: 200
Original line: GN   OrderedLocusNames=VACWR014;
parsed names: 

accession P17371 has status code: 200
Original line: GN   OrderedLocusNames=VACWR026; ORFNames=C2L;
parsed names: C2L

accession P17373 has status code: 200
Original line: GN   OrderedLocusNames=VACWR204; ORFNames=B21R;
parsed names: B21R

accession P18379 has status code: 200
Original line: GN   Name=VACWR036;
parsed names: VACWR036

accession P18380 has status code: 200
Original line: GN   OrderedLocusNames=VACWR037; ORFNames=K5L;
parsed names: K5L

accession P21117 has status code: 200
Original line: GN   OrderedLocusNames=VACWR145;
parsed names: 

accession P24359 has status code: 200
Original line: GN   Name=OPG051; OrderedLocusNames=VACWR046; ORFNames=F7L;
parsed names: OPG051, F7L

accession P24756 has status code: 200
Original line: GN   OrderedLocusNames=VACWR179; ORFNames=A53R;
parsed names: A53R

accession P24760 has status code: 200
Original line: GN   Name=OPG159; OrderedLocusNames=VACWR154; ORFNames=A31R;
parsed names: OPG159, A31R

accession P24762 has status code: 200
Original line: GN   Name=OPG165; OrderedLocusNames=VACWR160; ORFNames=A37R;
parsed names: OPG165, A37R

accession P24764 has status code: 200
Original line: GN   OrderedLocusNames=VACWR163; ORFNames=A39R;
parsed names: A39R

accession P24771 has status code: 200
Original line: GN   Name=OPG195; OrderedLocusNames=VACWR191; ORFNames=B9R;
parsed names: OPG195, B9R

accession P26673 has status code: 200
Original line: GN   OrderedLocusNames=VACWR173; ORFNames=A47L;
parsed names: A47L

accession P68442 has status code: 200
Original line: GN   Name=OPG191; OrderedLocusNames=VACWR188; ORFNames=B6R;
parsed names: OPG191, B6R

accession P68464 has status code: 200
Original line: GN   OrderedLocusNames=VACWR038; ORFNames=K6L;
parsed names: K6L

accession P68472 has status code: 200
Original line: GN   ORFNames=B ORF A;
parsed names: B ORF A

accession P68474 has status code: 200
Original line: GN   ORFNames=B ORF D;
parsed names: B ORF D

accession P68476 has status code: 200
Original line: GN   ORFNames=B ORF E;
parsed names: B ORF E

accession P68603 has status code: 200
Original line: GN   Name=OPG050; OrderedLocusNames=VACWR045; ORFNames=F6L;
parsed names: OPG050, F6L

accession P68625 has status code: 200
Original line: GN   ORFNames=SALLA;
parsed names: SALLA

accession P68627 has status code: 200
Original line: GN   ORFNames=SALLB;
parsed names: SALLB

accession P68629 has status code: 200
Original line: GN   ORFNames=SALFC;
parsed names: SALFC

accession P68631 has status code: 200
Original line: GN   ORFNames=SALFE;
parsed names: SALFE

accession Q01219 has status code: 200
Original line: GN   Name=OPG181; OrderedLocusNames=VACWR177; ORFNames=A51R;
parsed names: OPG181, A51R

accession Q01221 has status code: 200
Original line: GN   OrderedLocusNames=VACWR198; ORFNames=B16L;
parsed names: B16L

accession Q01222 has status code: 200
Original line: GN   OrderedLocusNames=VACWR199; ORFNames=B19R;
parsed names: B19R

accession Q01223 has status code: 200
Original line: GN   OrderedLocusNames=VACWR203;
parsed names: 

accession Q01226 has status code: 200
Original line: GN   OrderedLocusNames=VACWR185; ORFNames=B3R;
parsed names: B3R

accession Q01229 has status code: 200
Original line: GN   Name=OPG197; OrderedLocusNames=VACWR193; ORFNames=B11R;
parsed names: OPG197, B11R

accession Q01230 has status code: 200
Original line: GN   OrderedLocusNames=VACWR182; ORFNames=A57R;
parsed names: A57R

accession Q76ZL3 has status code: 200
Original line: GN   OrderedLocusNames=VACWR192; ORFNames=B10R;
parsed names: B10R

accession Q76ZN8 has status code: 200
Original line: GN   OrderedLocusNames=VACWR164;
parsed names: 

accession Q805H0 has status code: 200
Original line: GN   OrderedLocusNames=VACWR008;
Original line: GN   and
Original line: GN   OrderedLocusNames=VACWR211;
parsed names: 

accession Q805H2 has status code: 200
Original line: GN   OrderedLocusNames=VACWR006;
Original line: GN   and
Original line: GN   OrderedLocusNames=VACWR213;
parsed names: 

accession Q805K3 has status code: 200
Original line: GN   OrderedLocusNames=VACWR012;
Original line: GN   and
Original line: GN   OrderedLocusNames=VACWR207;
parsed names: 

accession Q805K5 has status code: 200
Original line: GN   OrderedLocusNames=VACWR005;
Original line: GN   and
Original line: GN   OrderedLocusNames=VACWR214;
parsed names: 

accession Q805M1 has status code: 200
Original line: GN   OrderedLocusNames=VACWR007; ORFNames=C20L;
Original line: GN   and
Original line: GN   OrderedLocusNames=VACWR212; ORFNames=B26R;
parsed names: C20L, B26R

accession Q805P6 has status code: 200
Original line: GN   OrderedLocusNames=VACWR002;
Original line: GN   and
Original line: GN   OrderedLocusNames=VACWR217;
parsed names: 

accession Q805P9 has status code: 200
Original line: GN   OrderedLocusNames=VACWR003;
Original line: GN   and
Original line: GN   OrderedLocusNames=VACWR216;
parsed names: 

accession Q80HT6 has status code: 200
Original line: GN   OrderedLocusNames=VACWR202;
parsed names: 

accession Q80HT7 has status code: 200
Original line: GN   OrderedLocusNames=VACWR201;
parsed names: 

accession Q80HU3 has status code: 200
Original line: GN   Name=A37.5; OrderedLocusNames=VACWR161;
parsed names: A37.5

accession Q80HU9 has status code: 200
Original line: GN   OrderedLocusNames=VACWR147;
parsed names: 

accession Q80HV0 has status code: 200
Original line: GN   OrderedLocusNames=VACWR146;
parsed names: 

accession Q80HX4 has status code: 200
Original line: GN   Name=OPG060; OrderedLocusNames=VACWR054; ORFNames=F15L;
parsed names: OPG060, F15L

